<?xml version="1.0" encoding="UTF-8"?>
<!-- Generated by org.testng.reporters.JUnitReportReporter -->
<testsuite hostname="IN-5CG016FL10" failures="0" tests="1" name="com.dxc.testcases.GL010_03" time="129.686" errors="0" timestamp="2021-06-25T17:41:56 IST" skipped="0">
  <testcase classname="com.dxc.testcases.GL010_03" name="testCase1003" time="129.686"/>
  <system-out/>
</testsuite> <!-- com.dxc.testcases.GL010_03 -->
