<?xml version="1.0" encoding="UTF-8"?>
<!-- Generated by org.testng.reporters.JUnitReportReporter -->
<testsuite hostname="IN-5CG016FL10" failures="0" tests="1" name="com.dxc.testcases.GL020_02" time="190.616" errors="0" timestamp="2021-06-25T17:41:56 IST" skipped="0">
  <testcase classname="com.dxc.testcases.GL020_02" name="testCase2002" time="190.616"/>
  <system-out/>
</testsuite> <!-- com.dxc.testcases.GL020_02 -->
