<?xml version="1.0" encoding="UTF-8"?>
<!-- Generated by org.testng.reporters.JUnitReportReporter -->
<testsuite hostname="IN-5CG016FPC1" failures="0" tests="1" name="com.dxc.testcases.GL010_05" time="276.539" errors="0" timestamp="2022-09-07T14:20:30 IST" skipped="0">
  <testcase classname="com.dxc.testcases.GL010_05" name="testCase1005" time="276.539"/>
  <system-out/>
</testsuite> <!-- com.dxc.testcases.GL010_05 -->
