<?xml version="1.0" encoding="UTF-8"?>
<!-- Generated by org.testng.reporters.JUnitReportReporter -->
<testsuite hostname="IN-5CG016FPC1" failures="0" tests="1" name="com.dxc.testcases.GL010_02" time="342.346" errors="0" timestamp="2023-01-12T12:46:45 IST" skipped="0">
  <testcase classname="com.dxc.testcases.GL010_02" name="testCase1002" time="342.346"/>
  <system-out/>
</testsuite> <!-- com.dxc.testcases.GL010_02 -->
