<?xml version="1.0" encoding="UTF-8"?>
<!-- Generated by org.testng.reporters.JUnitReportReporter -->
<testsuite hostname="IN-5CG016FPC1" failures="0" tests="1" name="com.dxc.testcases.GL020_02" time="211.083" errors="0" timestamp="2023-01-12T13:49:49 IST" skipped="0">
  <testcase classname="com.dxc.testcases.GL020_02" name="testCase2002" time="211.083"/>
  <system-out/>
</testsuite> <!-- com.dxc.testcases.GL020_02 -->
