<?xml version="1.0" encoding="UTF-8"?>
<!-- Generated by org.testng.reporters.JUnitReportReporter -->
<testsuite hostname="IN-5CG016FPC1" failures="0" tests="1" name="com.dxc.testcases.GL010_06" time="396.899" errors="0" timestamp="2023-01-12T13:01:12 IST" skipped="0">
  <testcase classname="com.dxc.testcases.GL010_06" name="testCase1006" time="396.899"/>
  <system-out/>
</testsuite> <!-- com.dxc.testcases.GL010_06 -->
