<?xml version="1.0" encoding="UTF-8"?>
<!-- Generated by org.testng.reporters.JUnitReportReporter -->
<testsuite hostname="IN-5CG016FPC1" failures="0" tests="1" name="com.dxc.testcases.GL010_04" time="88.733" errors="0" timestamp="2023-01-10T18:42:11 IST" skipped="0">
  <testcase classname="com.dxc.testcases.GL010_04" name="testCase1004" time="88.733"/>
  <system-out/>
</testsuite> <!-- com.dxc.testcases.GL010_04 -->
