<?xml version="1.0" encoding="UTF-8"?>
<!-- Generated by org.testng.reporters.JUnitReportReporter -->
<testsuite hostname="IN-5CG016FPC1" failures="0" tests="1" name="com.dxc.testcases.GL010_01" time="188.622" errors="0" timestamp="2023-01-12T12:40:45 IST" skipped="0">
  <testcase classname="com.dxc.testcases.GL010_01" name="testCase1001" time="188.622"/>
  <system-out/>
</testsuite> <!-- com.dxc.testcases.GL010_01 -->
