<?xml version="1.0" encoding="UTF-8"?>
<!-- Generated by org.testng.reporters.JUnitReportReporter -->
<testsuite hostname="IN-5CG016FPC1" failures="0" tests="1" name="com.dxc.testcases.GL010_03" time="51.435" errors="0" timestamp="2023-01-12T12:48:02 IST" skipped="0">
  <testcase classname="com.dxc.testcases.GL010_03" name="testCase1003" time="51.435"/>
  <system-out/>
</testsuite> <!-- com.dxc.testcases.GL010_03 -->
