<?xml version="1.0" encoding="UTF-8"?>
<!-- Generated by org.testng.reporters.JUnitReportReporter -->
<testsuite hostname="US-PF2004MS" failures="0" tests="1" name="com.dxc.testcases.GL010_02" time="430.647" errors="0" timestamp="2023-01-30T19:47:19 IST" skipped="0">
  <testcase classname="com.dxc.testcases.GL010_02" name="testCase1002" time="430.647"/>
  <system-out/>
</testsuite> <!-- com.dxc.testcases.GL010_02 -->
