<?xml version="1.0" encoding="UTF-8"?>
<!-- Generated by org.testng.reporters.JUnitReportReporter -->
<testsuite hostname="US-PF2004MS" failures="0" tests="1" name="com.dxc.testcases.GL020_01" time="287.311" errors="0" timestamp="2023-01-30T19:47:19 IST" skipped="0">
  <testcase classname="com.dxc.testcases.GL020_01" name="testCase2001" time="287.311"/>
  <system-out/>
</testsuite> <!-- com.dxc.testcases.GL020_01 -->
