<?xml version="1.0" encoding="UTF-8"?>
<!-- Generated by org.testng.reporters.JUnitReportReporter -->
<testsuite hostname="US-PF2004MS" failures="0" tests="1" name="com.dxc.testcases.GL010_01" time="266.606" errors="0" timestamp="2023-01-30T19:47:19 IST" skipped="0">
  <testcase classname="com.dxc.testcases.GL010_01" name="testCase1001" time="266.606"/>
  <system-out/>
</testsuite> <!-- com.dxc.testcases.GL010_01 -->
